<?xml version="1.0" encoding="UTF-8"?>
<!-- Generated by org.testng.reporters.JUnitReportReporter -->
<testsuite hostname="Parags-MacBook-Pro.local" failures="0" tests="1" name="com.cura.tests.HomePageTest" time="10.790" errors="0" timestamp="01 Jun 2019 20:06:51 GMT" skipped="0">
  <testcase classname="com.cura.tests.HomePageTest" name="makeAppointmentTest" time="10.790"/>
</testsuite> <!-- com.cura.tests.HomePageTest -->
